<?xml version="1.0" encoding="UTF-8"?>
<testng-results ignored="0" total="1" passed="1" failed="0" skipped="0">
  <reporter-output>
  </reporter-output>
  <suite started-at="2022-08-02T18:14:35Z" name="Suite" finished-at="2022-08-02T18:14:46Z" duration-ms="10220">
    <groups>
    </groups>
    <test started-at="2022-08-02T18:14:35Z" name="Test" finished-at="2022-08-02T18:14:46Z" duration-ms="10220">
      <class name="testclasess.Logintest">
        <test-method is-config="true" signature="launchURL()[pri:0, instance:testclasess.Logintest@7e7be63f]" started-at="2022-08-02T18:14:05Z" name="launchURL" finished-at="2022-08-02T18:14:35Z" duration-ms="30565" status="PASS">
          <reporter-output>
          </reporter-output>
        </test-method> <!-- launchURL -->
        <test-method is-config="true" signature="creationObject()[pri:0, instance:testclasess.Logintest@7e7be63f]" started-at="2022-08-02T18:14:35Z" name="creationObject" finished-at="2022-08-02T18:14:36Z" duration-ms="161" status="PASS">
          <reporter-output>
          </reporter-output>
        </test-method> <!-- creationObject -->
        <test-method signature="testCase1()[pri:0, instance:testclasess.Logintest@7e7be63f]" started-at="2022-08-02T18:14:36Z" name="testCase1" finished-at="2022-08-02T18:14:46Z" duration-ms="9992" status="PASS">
          <reporter-output>
          </reporter-output>
        </test-method> <!-- testCase1 -->
      </class> <!-- testclasess.Logintest -->
    </test> <!-- Test -->
  </suite> <!-- Suite -->
</testng-results>
